<?xml version="1.0" encoding="UTF-8"?>
<!-- Generated by org.testng.reporters.JUnitXMLReporter -->
<testsuite hostname="DESKTOP-27L8JE7" ignored="0" name="Default test" tests="2" failures="0" timestamp="05 Apr 2021 02:07:06 GMT" time="21.387" errors="0">
  <testcase name="f" time="17.582" classname="com.crm.SalesforceCRM.suitea.LoginTest"/>
  <testcase name="f" time="0.004" classname="com.crm.SalesforceCRM.suitea.LoginTest">
    <skipped/>
  </testcase> <!-- f -->
</testsuite> <!-- Default test -->
