<?xml version="1.0" encoding="UTF-8"?>
<!-- Generated by org.testng.reporters.JUnitXMLReporter -->
<testsuite hostname="DESKTOP-27L8JE7" ignored="0" name="AutomationTest" tests="3" failures="0" timestamp="19 Feb 2021 03:28:54 GMT" time="89.887" errors="0">
  <testcase name="amazon" time="20.364" classname="com.project.MavenFebruary8AMBatch.TNG_004"/>
  <testcase name="linktesting1" time="2.68" classname="com.project.MavenFebruary8AMBatch.LinksTesting1"/>
  <testcase name="checkboxTest" time="0.297" classname="com.project.MavenFebruary8AMBatch.CheckBox1"/>
</testsuite> <!-- AutomationTest -->
