<?xml version="1.0" encoding="UTF-8"?>
<!-- Generated by org.testng.reporters.JUnitXMLReporter -->
<testsuite hostname="DESKTOP-27L8JE7" ignored="0" name="AutomationTest" tests="3" failures="0" timestamp="20 Feb 2021 02:07:23 GMT" time="117.131" errors="0">
  <testcase name="amazon" time="23.232" classname="com.project.MavenFebruary8AMBatch.TNG_004"/>
  <testcase name="linktesting1" time="3.292" classname="com.project.MavenFebruary8AMBatch.LinksTesting1"/>
  <testcase name="checkboxTest" time="0.612" classname="com.project.MavenFebruary8AMBatch.CheckBox1"/>
</testsuite> <!-- AutomationTest -->
