<?xml version="1.0" encoding="UTF-8"?>
<testng-results skipped="0" failed="0" ignored="0" total="1" passed="1">
  <reporter-output>
  </reporter-output>
  <suite name="Default suite" duration-ms="12323" started-at="2021-03-23T03:14:19Z" finished-at="2021-03-23T03:14:31Z">
    <groups>
    </groups>
    <test name="Default test" duration-ms="12323" started-at="2021-03-23T03:14:19Z" finished-at="2021-03-23T03:14:31Z">
      <class name="switches.AlertHandling">
        <test-method status="PASS" signature="beforeMethod()[pri:0, instance:switches.AlertHandling@436a4e4b]" name="beforeMethod" is-config="true" duration-ms="6793" started-at="2021-03-23T03:14:19Z" finished-at="2021-03-23T03:14:25Z">
          <reporter-output>
          </reporter-output>
        </test-method> <!-- beforeMethod -->
        <test-method status="PASS" signature="f()[pri:0, instance:switches.AlertHandling@436a4e4b]" name="f" duration-ms="5448" started-at="2021-03-23T03:14:25Z" finished-at="2021-03-23T03:14:31Z">
          <reporter-output>
          </reporter-output>
        </test-method> <!-- f -->
        <test-method status="PASS" signature="afterMethod()[pri:0, instance:switches.AlertHandling@436a4e4b]" name="afterMethod" is-config="true" duration-ms="1" started-at="2021-03-23T03:14:31Z" finished-at="2021-03-23T03:14:31Z">
          <reporter-output>
          </reporter-output>
        </test-method> <!-- afterMethod -->
      </class> <!-- switches.AlertHandling -->
    </test> <!-- Default test -->
  </suite> <!-- Default suite -->
</testng-results>
