<?xml version="1.0" encoding="UTF-8"?>
<!-- Generated by org.testng.reporters.JUnitXMLReporter -->
<testsuite hostname="DESKTOP-27L8JE7" ignored="1" name="Test" tests="2" failures="0" timestamp="20 Feb 2021 03:22:37 GMT" time="50.985" errors="0">
  <testcase name="linktesting1" time="2.119" classname="com.project.MavenFebruary8AMBatch.LinksTesting1"/>
  <testcase name="checkboxTest" time="11.887" classname="com.project.MavenFebruary8AMBatch.CheckBox1"/>
  <testcase name="amazon" time="0.0" classname="com.project.MavenFebruary8AMBatch.TNG_004">
    <ignored/>
  </testcase> <!-- amazon -->
</testsuite> <!-- Test -->
