<?xml version="1.0" encoding="UTF-8"?>
<!-- Generated by org.testng.reporters.JUnitXMLReporter -->
<testsuite hostname="DESKTOP-27L8JE7" ignored="6" name="Default test" tests="1" failures="0" timestamp="09 Apr 2021 02:45:51 GMT" time="20.348" errors="0">
  <testcase name="autoSuggestion" time="10.972" classname="actions.MouseOperations"/>
  <testcase name="dragAnddrop" time="0.0" classname="actions.MouseOperations">
    <ignored/>
  </testcase> <!-- dragAnddrop -->
  <testcase name="MoveToelement" time="0.0" classname="actions.MouseOperations">
    <ignored/>
  </testcase> <!-- MoveToelement -->
  <testcase name="resizeMethod" time="0.0" classname="actions.MouseOperations">
    <ignored/>
  </testcase> <!-- resizeMethod -->
  <testcase name="slider" time="0.0" classname="actions.MouseOperations">
    <ignored/>
  </testcase> <!-- slider -->
  <testcase name="Browserslider" time="0.0" classname="actions.MouseOperations">
    <ignored/>
  </testcase> <!-- Browserslider -->
  <testcase name="rightClickMethod" time="0.0" classname="actions.MouseOperations">
    <ignored/>
  </testcase> <!-- rightClickMethod -->
</testsuite> <!-- Default test -->
