<?xml version="1.0" encoding="UTF-8"?>
<!-- Generated by org.testng.reporters.JUnitXMLReporter -->
<testsuite hostname="DESKTOP-27L8JE7" ignored="0" name="Default test" tests="4" failures="0" timestamp="20 Feb 2021 03:39:27 GMT" time="0.144" errors="0">
  <testcase name="orange" time="0.032" classname="com.project.MavenFebruary8AMBatch.TestDependency"/>
  <testcase name="white" time="0.002" classname="com.project.MavenFebruary8AMBatch.TestDependency"/>
  <testcase name="blue" time="0.009" classname="com.project.MavenFebruary8AMBatch.TestDependency">
    <skipped/>
  </testcase> <!-- blue -->
  <testcase name="green" time="0.0" classname="com.project.MavenFebruary8AMBatch.TestDependency">
    <skipped/>
  </testcase> <!-- green -->
</testsuite> <!-- Default test -->
